<?xml version="1.0" encoding="UTF-8"?>
<!-- Generated by org.testng.reporters.JUnitReportReporter -->
<testsuite hostname="IBM-PF3DZ8GN" failures="0" tests="1" name="Excel.ReadingDataFromExcel" time="0.524" errors="0" timestamp="2022-11-08T10:35:39 IST" skipped="0">
  <testcase classname="Excel.ReadingDataFromExcel" name="loginTest1" time="0.524"/>
  <system-out/>
</testsuite> <!-- Excel.ReadingDataFromExcel -->
